
> codegrid-nextjs-text-reveal-animation@0.1.0 build
> next build

   ▲ Next.js 15.1.6

   Creating an optimized production build ...
 ✓ Compiled successfully
   Linting and checking validity of types ...
   Collecting page data ...
   Generating static pages (0/5) ...
   Generating static pages (1/5) 
   Generating static pages (2/5) 
   Generating static pages (3/5) 
 ✓ Generating static pages (5/5)
   Finalizing page optimization ...
   Collecting build traces ...
   Exporting (0/3) ...
 ✓ Exporting (3/3)

Route (app)                              Size     First Load JS
┌ ○ /                                    54.2 kB         160 kB
└ ○ /_not-found                          980 B           107 kB
+ First Load JS shared by all            106 kB
  ├ chunks/0937d497-4037a4cf0f7b5369.js  52.9 kB
  ├ chunks/763-599546f5b5020600.js       50.6 kB
  └ other shared chunks (total)          1.98 kB


○  (Static)  prerendered as static content

