
> codegrid-fiddle-digital-scroll-animation@1.0.0 build
> vite build

[36mvite v6.3.5 [32mbuilding for production...[36m[39m
transforming...
[32m✓[39m 38 modules transformed.
rendering chunks...
computing gzip size...
[2mdist/[22m[32mindex.html                  [39m[1m[2m  5.34 kB[22m[1m[22m[2m │ gzip:  0.72 kB[22m
[2mdist/[22m[32massets/img4-DvG_mWGf.jpeg   [39m[1m[2m 45.04 kB[22m[1m[22m
[2mdist/[22m[32massets/img14-DGsABLXc.jpeg  [39m[1m[2m 50.34 kB[22m[1m[22m
[2mdist/[22m[32massets/img2-CPrQEOId.jpeg   [39m[1m[2m 66.33 kB[22m[1m[22m
[2mdist/[22m[32massets/img16-CNZm4b3q.jpeg  [39m[1m[2m 69.09 kB[22m[1m[22m
[2mdist/[22m[32massets/img10-Bw4tJ7Yh.jpeg  [39m[1m[2m 84.11 kB[22m[1m[22m
[2mdist/[22m[32massets/img12-DmwMonO6.jpeg  [39m[1m[2m 88.06 kB[22m[1m[22m
[2mdist/[22m[32massets/img3-CuZvE0CY.jpeg   [39m[1m[2m 90.21 kB[22m[1m[22m
[2mdist/[22m[32massets/img17-Cqehhc96.jpeg  [39m[1m[2m101.40 kB[22m[1m[22m
[2mdist/[22m[32massets/img6-C8Y88s_c.jpeg   [39m[1m[2m101.91 kB[22m[1m[22m
[2mdist/[22m[32massets/img7-BsJGlB6F.jpeg   [39m[1m[2m122.28 kB[22m[1m[22m
[2mdist/[22m[32massets/img1-DRk43di8.jpeg   [39m[1m[2m137.68 kB[22m[1m[22m
[2mdist/[22m[32massets/img15-BzliLRwt.jpeg  [39m[1m[2m141.57 kB[22m[1m[22m
[2mdist/[22m[32massets/img5-Bu7EQdtc.jpeg   [39m[1m[2m145.82 kB[22m[1m[22m
[2mdist/[22m[32massets/img13-Bh_uD5JC.jpeg  [39m[1m[2m195.29 kB[22m[1m[22m
[2mdist/[22m[32massets/img11-0A2Lcmnw.jpeg  [39m[1m[2m250.88 kB[22m[1m[22m
[2mdist/[22m[32massets/img8-CgeXfulM.jpeg   [39m[1m[2m270.77 kB[22m[1m[22m
[2mdist/[22m[32massets/img9-Bj6W55G3.jpeg   [39m[1m[2m325.64 kB[22m[1m[22m
[2mdist/[22m[35massets/index-UBGlv5OC.css   [39m[1m[2m  0.76 kB[22m[1m[22m[2m │ gzip:  0.41 kB[22m
[2mdist/[22m[36massets/index-u05A-Ap6.js    [39m[1m[2m133.80 kB[22m[1m[22m[2m │ gzip: 50.75 kB[22m
[32m✓ built in 1.78s[39m
